19/05/22 (18:43:41) | ERROR: [Errno 2] No such file or directory: '/home/xurr/.config/bpytop/themes'
Traceback (most recent call last):
  File "/usr/local/bin/bpytop", line 1357, in refresh
    for f in os.listdir(d):
FileNotFoundError: [Errno 2] No such file or directory: '/home/xurr/.config/bpytop/themes'
30/05/22 (11:15:37) | ERROR: [Errno 2] No such file or directory: '/home/xurr/.config/bpytop/themes'
Traceback (most recent call last):
  File "/usr/local/bin/bpytop", line 1357, in refresh
    for f in os.listdir(d):
FileNotFoundError: [Errno 2] No such file or directory: '/home/xurr/.config/bpytop/themes'
14/06/22 (16:02:45) | ERROR: [Errno 2] No such file or directory: '/Users/macamarila/.config/bpytop/themes'
Traceback (most recent call last):
  File "/nix/store/ixg7avldhk8r0my1nhaa63nvzfxjz49j-bpytop-1.0.68/libexec/bpytop.py", line 1357, in refresh
    for f in os.listdir(d):
FileNotFoundError: [Errno 2] No such file or directory: '/Users/macamarila/.config/bpytop/themes'
14/06/22 (16:02:46) | ERROR: Exception while getting cpu frequency!
14/06/22 (16:02:46) | ERROR: [Errno 2] No such file or directory (originated from sysctl(HW_CPU_FREQ))
Traceback (most recent call last):
  File "/nix/store/ixg7avldhk8r0my1nhaa63nvzfxjz49j-bpytop-1.0.68/libexec/bpytop.py", line 3080, in _collect
    if CONFIG.show_cpu_freq and hasattr(psutil.cpu_freq(), "current"):
  File "/nix/store/28w5hfbbc63sf2k16d6kz565mwk81948-python3.9-psutil-5.9.0/lib/python3.9/site-packages/psutil/__init__.py", line 1867, in cpu_freq
    ret = _psplatform.cpu_freq()
  File "/nix/store/28w5hfbbc63sf2k16d6kz565mwk81948-python3.9-psutil-5.9.0/lib/python3.9/site-packages/psutil/_psosx.py", line 179, in cpu_freq
    curr, min_, max_ = cext.cpu_freq()
FileNotFoundError: [Errno 2] No such file or directory (originated from sysctl(HW_CPU_FREQ))
14/06/22 (21:48:57) | ERROR: [Errno 2] No such file or directory: '/Users/macamarila/.config/bpytop/themes'
Traceback (most recent call last):
  File "/nix/store/ixg7avldhk8r0my1nhaa63nvzfxjz49j-bpytop-1.0.68/libexec/bpytop.py", line 1357, in refresh
    for f in os.listdir(d):
FileNotFoundError: [Errno 2] No such file or directory: '/Users/macamarila/.config/bpytop/themes'
14/06/22 (21:48:57) | ERROR: Exception while getting cpu frequency!
14/06/22 (21:48:57) | ERROR: [Errno 2] No such file or directory (originated from sysctl(HW_CPU_FREQ))
Traceback (most recent call last):
  File "/nix/store/ixg7avldhk8r0my1nhaa63nvzfxjz49j-bpytop-1.0.68/libexec/bpytop.py", line 3080, in _collect
    if CONFIG.show_cpu_freq and hasattr(psutil.cpu_freq(), "current"):
  File "/nix/store/28w5hfbbc63sf2k16d6kz565mwk81948-python3.9-psutil-5.9.0/lib/python3.9/site-packages/psutil/__init__.py", line 1867, in cpu_freq
    ret = _psplatform.cpu_freq()
  File "/nix/store/28w5hfbbc63sf2k16d6kz565mwk81948-python3.9-psutil-5.9.0/lib/python3.9/site-packages/psutil/_psosx.py", line 179, in cpu_freq
    curr, min_, max_ = cext.cpu_freq()
FileNotFoundError: [Errno 2] No such file or directory (originated from sysctl(HW_CPU_FREQ))
20/06/22 (21:30:42) | ERROR: [Errno 2] No such file or directory: '/Users/macamarila/.config/bpytop/themes'
Traceback (most recent call last):
  File "/nix/store/ixg7avldhk8r0my1nhaa63nvzfxjz49j-bpytop-1.0.68/libexec/bpytop.py", line 1357, in refresh
    for f in os.listdir(d):
FileNotFoundError: [Errno 2] No such file or directory: '/Users/macamarila/.config/bpytop/themes'
20/06/22 (21:30:42) | ERROR: Exception while getting cpu frequency!
20/06/22 (21:30:42) | ERROR: [Errno 2] No such file or directory (originated from sysctl(HW_CPU_FREQ))
Traceback (most recent call last):
  File "/nix/store/ixg7avldhk8r0my1nhaa63nvzfxjz49j-bpytop-1.0.68/libexec/bpytop.py", line 3080, in _collect
    if CONFIG.show_cpu_freq and hasattr(psutil.cpu_freq(), "current"):
  File "/nix/store/28w5hfbbc63sf2k16d6kz565mwk81948-python3.9-psutil-5.9.0/lib/python3.9/site-packages/psutil/__init__.py", line 1867, in cpu_freq
    ret = _psplatform.cpu_freq()
  File "/nix/store/28w5hfbbc63sf2k16d6kz565mwk81948-python3.9-psutil-5.9.0/lib/python3.9/site-packages/psutil/_psosx.py", line 179, in cpu_freq
    curr, min_, max_ = cext.cpu_freq()
FileNotFoundError: [Errno 2] No such file or directory (originated from sysctl(HW_CPU_FREQ))
